{"/home/ruth/2module/3week/testingPractice/calculator.js": {"path":"/home/ruth/2module/3week/testingPractice/calculator.js","statementMap":{"0":{"start":{"line":4,"column":4},"end":{"line":4,"column":17}},"1":{"start":{"line":8,"column":4},"end":{"line":8,"column":17}},"2":{"start":{"line":12,"column":4},"end":{"line":12,"column":17}},"3":{"start":{"line":16,"column":4},"end":{"line":18,"column":5}},"4":{"start":{"line":17,"column":6},"end":{"line":17,"column":47}},"5":{"start":{"line":19,"column":4},"end":{"line":19,"column":17}},"6":{"start":{"line":23,"column":0},"end":{"line":23,"column":28}}},"fnMap":{"0":{"name":"(anonymous_0)","decl":{"start":{"line":3,"column":2},"end":{"line":3,"column":3}},"loc":{"start":{"line":3,"column":13},"end":{"line":5,"column":3}},"line":3},"1":{"name":"(anonymous_1)","decl":{"start":{"line":7,"column":2},"end":{"line":7,"column":3}},"loc":{"start":{"line":7,"column":21},"end":{"line":9,"column":3}},"line":7},"2":{"name":"(anonymous_2)","decl":{"start":{"line":11,"column":2},"end":{"line":11,"column":3}},"loc":{"start":{"line":11,"column":24},"end":{"line":13,"column":3}},"line":11},"3":{"name":"(anonymous_3)","decl":{"start":{"line":15,"column":2},"end":{"line":15,"column":3}},"loc":{"start":{"line":15,"column":16},"end":{"line":20,"column":3}},"line":15}},"branchMap":{"0":{"loc":{"start":{"line":16,"column":4},"end":{"line":18,"column":5}},"type":"if","locations":[{"start":{"line":16,"column":4},"end":{"line":18,"column":5}},{"start":{},"end":{}}],"line":16}},"s":{"0":3,"1":3,"2":3,"3":4,"4":1,"5":3,"6":1},"f":{"0":3,"1":3,"2":3,"3":4},"b":{"0":[1,3]},"_coverageSchema":"1a1c01bbd47fc00a2c39e90264f33305004495a9","hash":"d4ff9e811ae1d4c309cc4f666e36a85baf243736"}
,"/home/ruth/2module/3week/testingPractice/reverseString.js": {"path":"/home/ruth/2module/3week/testingPractice/reverseString.js","statementMap":{"0":{"start":{"line":2,"column":20},"end":{"line":14,"column":1}},"1":{"start":{"line":3,"column":4},"end":{"line":13,"column":5}},"2":{"start":{"line":4,"column":8},"end":{"line":4,"column":74}},"3":{"start":{"line":5,"column":11},"end":{"line":13,"column":5}},"4":{"start":{"line":6,"column":8},"end":{"line":6,"column":78}},"5":{"start":{"line":8,"column":23},"end":{"line":10,"column":29}},"6":{"start":{"line":9,"column":12},"end":{"line":9,"column":30}},"7":{"start":{"line":11,"column":8},"end":{"line":11,"column":22}},"8":{"start":{"line":17,"column":0},"end":{"line":17,"column":31}}},"fnMap":{"0":{"name":"(anonymous_0)","decl":{"start":{"line":2,"column":20},"end":{"line":2,"column":21}},"loc":{"start":{"line":2,"column":32},"end":{"line":14,"column":1}},"line":2},"1":{"name":"(anonymous_1)","decl":{"start":{"line":8,"column":43},"end":{"line":8,"column":44}},"loc":{"start":{"line":8,"column":64},"end":{"line":10,"column":9}},"line":8}},"branchMap":{"0":{"loc":{"start":{"line":3,"column":4},"end":{"line":13,"column":5}},"type":"if","locations":[{"start":{"line":3,"column":4},"end":{"line":13,"column":5}},{"start":{"line":5,"column":11},"end":{"line":13,"column":5}}],"line":3},"1":{"loc":{"start":{"line":5,"column":11},"end":{"line":13,"column":5}},"type":"if","locations":[{"start":{"line":5,"column":11},"end":{"line":13,"column":5}},{"start":{"line":7,"column":11},"end":{"line":13,"column":5}}],"line":5}},"s":{"0":1,"1":3,"2":1,"3":2,"4":1,"5":1,"6":4,"7":1,"8":1},"f":{"0":3,"1":4},"b":{"0":[1,2],"1":[1,1]},"_coverageSchema":"1a1c01bbd47fc00a2c39e90264f33305004495a9","hash":"8b78e2e459f585ddce70a15785ce21beba211103"}
,"/home/ruth/2module/3week/testingPractice/stringLength.js": {"path":"/home/ruth/2module/3week/testingPractice/stringLength.js","statementMap":{"0":{"start":{"line":3,"column":19},"end":{"line":11,"column":1}},"1":{"start":{"line":4,"column":4},"end":{"line":10,"column":5}},"2":{"start":{"line":5,"column":8},"end":{"line":5,"column":74}},"3":{"start":{"line":6,"column":11},"end":{"line":10,"column":5}},"4":{"start":{"line":7,"column":8},"end":{"line":7,"column":78}},"5":{"start":{"line":9,"column":8},"end":{"line":9,"column":29}},"6":{"start":{"line":14,"column":0},"end":{"line":14,"column":30}}},"fnMap":{"0":{"name":"(anonymous_0)","decl":{"start":{"line":3,"column":19},"end":{"line":3,"column":20}},"loc":{"start":{"line":3,"column":31},"end":{"line":11,"column":1}},"line":3}},"branchMap":{"0":{"loc":{"start":{"line":4,"column":4},"end":{"line":10,"column":5}},"type":"if","locations":[{"start":{"line":4,"column":4},"end":{"line":10,"column":5}},{"start":{"line":6,"column":11},"end":{"line":10,"column":5}}],"line":4},"1":{"loc":{"start":{"line":6,"column":11},"end":{"line":10,"column":5}},"type":"if","locations":[{"start":{"line":6,"column":11},"end":{"line":10,"column":5}},{"start":{"line":8,"column":11},"end":{"line":10,"column":5}}],"line":6}},"s":{"0":1,"1":3,"2":1,"3":2,"4":1,"5":1,"6":1},"f":{"0":3},"b":{"0":[1,2],"1":[1,1]},"_coverageSchema":"1a1c01bbd47fc00a2c39e90264f33305004495a9","hash":"c7badb6aa42ad722be2a2f0484706434c53753e9"}
}
