TN:
SF:calculator.js
FN:3,(anonymous_0)
FN:7,(anonymous_1)
FN:11,(anonymous_2)
FN:15,(anonymous_3)
FNF:4
FNH:4
FNDA:3,(anonymous_0)
FNDA:3,(anonymous_1)
FNDA:3,(anonymous_2)
FNDA:4,(anonymous_3)
DA:4,3
DA:8,3
DA:12,3
DA:16,4
DA:17,1
DA:19,3
DA:23,1
LF:7
LH:7
BRDA:16,0,0,1
BRDA:16,0,1,3
BRF:2
BRH:2
end_of_record
TN:
SF:capitalize.js
FN:2,(anonymous_0)
FNF:1
FNH:1
FNDA:4,(anonymous_0)
DA:2,1
DA:3,4
DA:4,1
DA:7,3
DA:8,1
DA:11,2
DA:12,1
DA:26,1
DA:27,1
DA:29,1
DA:32,1
LF:11
LH:11
BRDA:3,0,0,1
BRDA:3,0,1,3
BRDA:7,1,0,1
BRDA:7,1,1,2
BRDA:11,2,0,1
BRDA:11,2,1,1
BRF:6
BRH:6
end_of_record
TN:
SF:reverseString.js
FN:2,(anonymous_0)
FN:8,(anonymous_1)
FNF:2
FNH:2
FNDA:3,(anonymous_0)
FNDA:4,(anonymous_1)
DA:2,1
DA:3,3
DA:4,1
DA:5,2
DA:6,1
DA:8,1
DA:9,4
DA:11,1
DA:17,1
LF:9
LH:9
BRDA:3,0,0,1
BRDA:3,0,1,2
BRDA:5,1,0,1
BRDA:5,1,1,1
BRF:4
BRH:4
end_of_record
TN:
SF:stringLength.js
FN:3,(anonymous_0)
FNF:1
FNH:1
FNDA:3,(anonymous_0)
DA:3,1
DA:4,3
DA:5,1
DA:6,2
DA:7,1
DA:9,1
DA:14,1
LF:7
LH:7
BRDA:4,0,0,1
BRDA:4,0,1,2
BRDA:6,1,0,1
BRDA:6,1,1,1
BRF:4
BRH:4
end_of_record
